<?xml version="1.0" encoding="UTF-8"?>
<testsuite xmlns:xsi="http://www.w3.org/2001/XMLSchema-instance" xsi:noNamespaceSchemaLocation="https://maven.apache.org/surefire/maven-surefire-plugin/xsd/surefire-test-report-3.0.xsd" version="3.0" name="com.uda.security.AppTest" time="1.283" tests="11" errors="0" skipped="0" failures="0">
  <properties>
    <property name="java.specification.version" value="17"/>
    <property name="sun.jnu.encoding" value="UTF-8"/>
    <property name="java.class.path" value="/home/samuel/java/uda-secutity/catpoint-parent/security/target/test-classes:/root/.m2/repository/com/miglayout/miglayout-core/5.0/miglayout-core-5.0.jar:/root/.m2/repository/com/google/guava/failureaccess/1.0.2/failureaccess-1.0.2.jar:/root/.m2/repository/com/google/guava/listenablefuture/9999.0-empty-to-avoid-conflict-with-guava/listenablefuture-9999.0-empty-to-avoid-conflict-with-guava.jar:/root/.m2/repository/com/google/code/findbugs/jsr305/3.0.2/jsr305-3.0.2.jar:/root/.m2/repository/org/checkerframework/checker-qual/3.42.0/checker-qual-3.42.0.jar:/root/.m2/repository/com/google/j2objc/j2objc-annotations/3.0.0/j2objc-annotations-3.0.0.jar:/root/.m2/repository/org/junit/jupiter/junit-jupiter-engine/5.10.2/junit-jupiter-engine-5.10.2.jar:/root/.m2/repository/org/junit/platform/junit-platform-engine/1.10.2/junit-platform-engine-1.10.2.jar:/root/.m2/repository/org/apiguardian/apiguardian-api/1.1.2/apiguardian-api-1.1.2.jar:/root/.m2/repository/org/mockito/mockito-core/5.11.0/mockito-core-5.11.0.jar:/root/.m2/repository/net/bytebuddy/byte-buddy/1.14.12/byte-buddy-1.14.12.jar:/root/.m2/repository/net/bytebuddy/byte-buddy-agent/1.14.12/byte-buddy-agent-1.14.12.jar:/root/.m2/repository/org/objenesis/objenesis/3.3/objenesis-3.3.jar:/root/.m2/repository/org/mockito/mockito-junit-jupiter/5.11.0/mockito-junit-jupiter-5.11.0.jar:/root/.m2/repository/org/mockito/mockito-inline/5.2.0/mockito-inline-5.2.0.jar:/root/.m2/repository/software/amazon/awssdk/s3/2.25.42/s3-2.25.42.jar:/root/.m2/repository/software/amazon/awssdk/aws-xml-protocol/2.25.42/aws-xml-protocol-2.25.42.jar:/root/.m2/repository/software/amazon/awssdk/aws-query-protocol/2.25.42/aws-query-protocol-2.25.42.jar:/root/.m2/repository/software/amazon/awssdk/protocol-core/2.25.42/protocol-core-2.25.42.jar:/root/.m2/repository/software/amazon/awssdk/arns/2.25.42/arns-2.25.42.jar:/root/.m2/repository/software/amazon/awssdk/profiles/2.25.42/profiles-2.25.42.jar:/root/.m2/repository/software/amazon/awssdk/crt-core/2.25.42/crt-core-2.25.42.jar:/root/.m2/repository/software/amazon/awssdk/http-auth/2.25.42/http-auth-2.25.42.jar:/root/.m2/repository/software/amazon/awssdk/identity-spi/2.25.42/identity-spi-2.25.42.jar:/root/.m2/repository/software/amazon/awssdk/http-auth-spi/2.25.42/http-auth-spi-2.25.42.jar:/root/.m2/repository/org/reactivestreams/reactive-streams/1.0.4/reactive-streams-1.0.4.jar:/root/.m2/repository/software/amazon/awssdk/http-auth-aws/2.25.42/http-auth-aws-2.25.42.jar:/root/.m2/repository/software/amazon/awssdk/checksums/2.25.42/checksums-2.25.42.jar:/root/.m2/repository/software/amazon/awssdk/checksums-spi/2.25.42/checksums-spi-2.25.42.jar:/root/.m2/repository/software/amazon/eventstream/eventstream/1.0.1/eventstream-1.0.1.jar:/root/.m2/repository/software/amazon/awssdk/http-client-spi/2.25.42/http-client-spi-2.25.42.jar:/root/.m2/repository/software/amazon/awssdk/annotations/2.25.42/annotations-2.25.42.jar:/root/.m2/repository/software/amazon/awssdk/utils/2.25.42/utils-2.25.42.jar:/root/.m2/repository/software/amazon/awssdk/aws-core/2.25.42/aws-core-2.25.42.jar:/root/.m2/repository/software/amazon/awssdk/metrics-spi/2.25.42/metrics-spi-2.25.42.jar:/root/.m2/repository/software/amazon/awssdk/json-utils/2.25.42/json-utils-2.25.42.jar:/root/.m2/repository/software/amazon/awssdk/third-party-jackson-core/2.25.42/third-party-jackson-core-2.25.42.jar:/root/.m2/repository/software/amazon/awssdk/endpoints-spi/2.25.42/endpoints-spi-2.25.42.jar:/root/.m2/repository/software/amazon/awssdk/apache-client/2.25.42/apache-client-2.25.42.jar:/root/.m2/repository/org/apache/httpcomponents/httpclient/4.5.13/httpclient-4.5.13.jar:/root/.m2/repository/commons-logging/commons-logging/1.2/commons-logging-1.2.jar:/root/.m2/repository/org/apache/httpcomponents/httpcore/4.4.13/httpcore-4.4.13.jar:/root/.m2/repository/commons-codec/commons-codec/1.15/commons-codec-1.15.jar:/root/.m2/repository/software/amazon/awssdk/netty-nio-client/2.25.42/netty-nio-client-2.25.42.jar:/root/.m2/repository/io/netty/netty-codec-http/4.1.108.Final/netty-codec-http-4.1.108.Final.jar:/root/.m2/repository/io/netty/netty-codec-http2/4.1.108.Final/netty-codec-http2-4.1.108.Final.jar:/root/.m2/repository/io/netty/netty-codec/4.1.108.Final/netty-codec-4.1.108.Final.jar:/root/.m2/repository/io/netty/netty-transport/4.1.108.Final/netty-transport-4.1.108.Final.jar:/root/.m2/repository/io/netty/netty-common/4.1.108.Final/netty-common-4.1.108.Final.jar:/root/.m2/repository/io/netty/netty-buffer/4.1.108.Final/netty-buffer-4.1.108.Final.jar:/root/.m2/repository/io/netty/netty-handler/4.1.108.Final/netty-handler-4.1.108.Final.jar:/root/.m2/repository/io/netty/netty-transport-native-unix-common/4.1.108.Final/netty-transport-native-unix-common-4.1.108.Final.jar:/root/.m2/repository/io/netty/netty-transport-classes-epoll/4.1.108.Final/netty-transport-classes-epoll-4.1.108.Final.jar:/root/.m2/repository/io/netty/netty-resolver/4.1.108.Final/netty-resolver-4.1.108.Final.jar:/root/.m2/repository/software/amazon/awssdk/aws-json-protocol/2.26.15/aws-json-protocol-2.26.15.jar:/root/.m2/repository/software/amazon/awssdk/retries-spi/2.26.15/retries-spi-2.26.15.jar:/root/.m2/repository/org/junit/jupiter/junit-jupiter-api/5.10.2/junit-jupiter-api-5.10.2.jar:/root/.m2/repository/org/opentest4j/opentest4j/1.3.0/opentest4j-1.3.0.jar:/root/.m2/repository/org/junit/platform/junit-platform-commons/1.10.2/junit-platform-commons-1.10.2.jar:/root/.m2/repository/org/junit/jupiter/junit-jupiter-params/5.9.0/junit-jupiter-params-5.9.0.jar:"/>
    <property name="java.vm.vendor" value="Ubuntu"/>
    <property name="sun.arch.data.model" value="64"/>
    <property name="sun.font.fontmanager" value="sun.awt.X11FontManager"/>
    <property name="java.vendor.url" value="https://ubuntu.com/"/>
    <property name="user.timezone" value="Asia/Bangkok"/>
    <property name="os.name" value="Linux"/>
    <property name="java.vm.specification.version" value="17"/>
    <property name="sun.java.launcher" value="SUN_STANDARD"/>
    <property name="sun.boot.library.path" value="/usr/lib/jvm/java-17-openjdk-amd64/lib"/>
    <property name="sun.java.command" value="org.apache.maven.surefire.booter.ForkedBooter /home/samuel/java/uda-secutity/catpoint-parent/security/target/surefire 2024-07-15T18-01-52_128-jvmRun1 surefire-20240715180152499_1tmp surefire_0-20240715180152499_2tmp"/>
    <property name="jdk.debug" value="release"/>
    <property name="surefire.test.class.path" value="/home/samuel/java/uda-secutity/catpoint-parent/security/target/test-classes:/root/.m2/repository/com/miglayout/miglayout-core/5.0/miglayout-core-5.0.jar:/root/.m2/repository/com/google/guava/failureaccess/1.0.2/failureaccess-1.0.2.jar:/root/.m2/repository/com/google/guava/listenablefuture/9999.0-empty-to-avoid-conflict-with-guava/listenablefuture-9999.0-empty-to-avoid-conflict-with-guava.jar:/root/.m2/repository/com/google/code/findbugs/jsr305/3.0.2/jsr305-3.0.2.jar:/root/.m2/repository/org/checkerframework/checker-qual/3.42.0/checker-qual-3.42.0.jar:/root/.m2/repository/com/google/j2objc/j2objc-annotations/3.0.0/j2objc-annotations-3.0.0.jar:/root/.m2/repository/org/junit/jupiter/junit-jupiter-engine/5.10.2/junit-jupiter-engine-5.10.2.jar:/root/.m2/repository/org/junit/platform/junit-platform-engine/1.10.2/junit-platform-engine-1.10.2.jar:/root/.m2/repository/org/apiguardian/apiguardian-api/1.1.2/apiguardian-api-1.1.2.jar:/root/.m2/repository/org/mockito/mockito-core/5.11.0/mockito-core-5.11.0.jar:/root/.m2/repository/net/bytebuddy/byte-buddy/1.14.12/byte-buddy-1.14.12.jar:/root/.m2/repository/net/bytebuddy/byte-buddy-agent/1.14.12/byte-buddy-agent-1.14.12.jar:/root/.m2/repository/org/objenesis/objenesis/3.3/objenesis-3.3.jar:/root/.m2/repository/org/mockito/mockito-junit-jupiter/5.11.0/mockito-junit-jupiter-5.11.0.jar:/root/.m2/repository/org/mockito/mockito-inline/5.2.0/mockito-inline-5.2.0.jar:/root/.m2/repository/software/amazon/awssdk/s3/2.25.42/s3-2.25.42.jar:/root/.m2/repository/software/amazon/awssdk/aws-xml-protocol/2.25.42/aws-xml-protocol-2.25.42.jar:/root/.m2/repository/software/amazon/awssdk/aws-query-protocol/2.25.42/aws-query-protocol-2.25.42.jar:/root/.m2/repository/software/amazon/awssdk/protocol-core/2.25.42/protocol-core-2.25.42.jar:/root/.m2/repository/software/amazon/awssdk/arns/2.25.42/arns-2.25.42.jar:/root/.m2/repository/software/amazon/awssdk/profiles/2.25.42/profiles-2.25.42.jar:/root/.m2/repository/software/amazon/awssdk/crt-core/2.25.42/crt-core-2.25.42.jar:/root/.m2/repository/software/amazon/awssdk/http-auth/2.25.42/http-auth-2.25.42.jar:/root/.m2/repository/software/amazon/awssdk/identity-spi/2.25.42/identity-spi-2.25.42.jar:/root/.m2/repository/software/amazon/awssdk/http-auth-spi/2.25.42/http-auth-spi-2.25.42.jar:/root/.m2/repository/org/reactivestreams/reactive-streams/1.0.4/reactive-streams-1.0.4.jar:/root/.m2/repository/software/amazon/awssdk/http-auth-aws/2.25.42/http-auth-aws-2.25.42.jar:/root/.m2/repository/software/amazon/awssdk/checksums/2.25.42/checksums-2.25.42.jar:/root/.m2/repository/software/amazon/awssdk/checksums-spi/2.25.42/checksums-spi-2.25.42.jar:/root/.m2/repository/software/amazon/eventstream/eventstream/1.0.1/eventstream-1.0.1.jar:/root/.m2/repository/software/amazon/awssdk/http-client-spi/2.25.42/http-client-spi-2.25.42.jar:/root/.m2/repository/software/amazon/awssdk/annotations/2.25.42/annotations-2.25.42.jar:/root/.m2/repository/software/amazon/awssdk/utils/2.25.42/utils-2.25.42.jar:/root/.m2/repository/software/amazon/awssdk/aws-core/2.25.42/aws-core-2.25.42.jar:/root/.m2/repository/software/amazon/awssdk/metrics-spi/2.25.42/metrics-spi-2.25.42.jar:/root/.m2/repository/software/amazon/awssdk/json-utils/2.25.42/json-utils-2.25.42.jar:/root/.m2/repository/software/amazon/awssdk/third-party-jackson-core/2.25.42/third-party-jackson-core-2.25.42.jar:/root/.m2/repository/software/amazon/awssdk/endpoints-spi/2.25.42/endpoints-spi-2.25.42.jar:/root/.m2/repository/software/amazon/awssdk/apache-client/2.25.42/apache-client-2.25.42.jar:/root/.m2/repository/org/apache/httpcomponents/httpclient/4.5.13/httpclient-4.5.13.jar:/root/.m2/repository/commons-logging/commons-logging/1.2/commons-logging-1.2.jar:/root/.m2/repository/org/apache/httpcomponents/httpcore/4.4.13/httpcore-4.4.13.jar:/root/.m2/repository/commons-codec/commons-codec/1.15/commons-codec-1.15.jar:/root/.m2/repository/software/amazon/awssdk/netty-nio-client/2.25.42/netty-nio-client-2.25.42.jar:/root/.m2/repository/io/netty/netty-codec-http/4.1.108.Final/netty-codec-http-4.1.108.Final.jar:/root/.m2/repository/io/netty/netty-codec-http2/4.1.108.Final/netty-codec-http2-4.1.108.Final.jar:/root/.m2/repository/io/netty/netty-codec/4.1.108.Final/netty-codec-4.1.108.Final.jar:/root/.m2/repository/io/netty/netty-transport/4.1.108.Final/netty-transport-4.1.108.Final.jar:/root/.m2/repository/io/netty/netty-common/4.1.108.Final/netty-common-4.1.108.Final.jar:/root/.m2/repository/io/netty/netty-buffer/4.1.108.Final/netty-buffer-4.1.108.Final.jar:/root/.m2/repository/io/netty/netty-handler/4.1.108.Final/netty-handler-4.1.108.Final.jar:/root/.m2/repository/io/netty/netty-transport-native-unix-common/4.1.108.Final/netty-transport-native-unix-common-4.1.108.Final.jar:/root/.m2/repository/io/netty/netty-transport-classes-epoll/4.1.108.Final/netty-transport-classes-epoll-4.1.108.Final.jar:/root/.m2/repository/io/netty/netty-resolver/4.1.108.Final/netty-resolver-4.1.108.Final.jar:/root/.m2/repository/software/amazon/awssdk/aws-json-protocol/2.26.15/aws-json-protocol-2.26.15.jar:/root/.m2/repository/software/amazon/awssdk/retries-spi/2.26.15/retries-spi-2.26.15.jar:/root/.m2/repository/org/junit/jupiter/junit-jupiter-api/5.10.2/junit-jupiter-api-5.10.2.jar:/root/.m2/repository/org/opentest4j/opentest4j/1.3.0/opentest4j-1.3.0.jar:/root/.m2/repository/org/junit/platform/junit-platform-commons/1.10.2/junit-platform-commons-1.10.2.jar:/root/.m2/repository/org/junit/jupiter/junit-jupiter-params/5.9.0/junit-jupiter-params-5.9.0.jar:"/>
    <property name="sun.cpu.endian" value="little"/>
    <property name="user.home" value="/root"/>
    <property name="user.language" value="en"/>
    <property name="java.specification.vendor" value="Oracle Corporation"/>
    <property name="jdk.module.path" value="/home/samuel/java/uda-secutity/catpoint-parent/security/target/classes:/root/.m2/repository/com/miglayout/miglayout-swing/5.0/miglayout-swing-5.0.jar:/root/.m2/repository/com/google/guava/guava/33.2.1-jre/guava-33.2.1-jre.jar:/root/.m2/repository/com/google/errorprone/error_prone_annotations/2.26.1/error_prone_annotations-2.26.1.jar:/root/.m2/repository/com/google/code/gson/gson/2.11.0/gson-2.11.0.jar:/home/samuel/java/uda-secutity/catpoint-parent/image/target/classes:/root/.m2/repository/org/slf4j/slf4j-api/2.0.13/slf4j-api-2.0.13.jar:/root/.m2/repository/software/amazon/awssdk/sdk-core/2.25.42/sdk-core-2.25.42.jar:/root/.m2/repository/software/amazon/awssdk/auth/2.25.42/auth-2.25.42.jar:/root/.m2/repository/software/amazon/awssdk/regions/2.25.42/regions-2.25.42.jar:/root/.m2/repository/software/amazon/awssdk/rekognition/2.26.15/rekognition-2.26.15.jar"/>
    <property name="java.version.date" value="2024-04-16"/>
    <property name="java.home" value="/usr/lib/jvm/java-17-openjdk-amd64"/>
    <property name="file.separator" value="/"/>
    <property name="basedir" value="/home/samuel/java/uda-secutity/catpoint-parent/security"/>
    <property name="java.vm.compressedOopsMode" value="32-bit"/>
    <property name="line.separator" value="&#10;"/>
    <property name="java.specification.name" value="Java Platform API Specification"/>
    <property name="java.vm.specification.vendor" value="Oracle Corporation"/>
    <property name="surefire.real.class.path" value="/root/.m2/repository/org/apache/maven/surefire/surefire-booter/3.0.0/surefire-booter-3.0.0.jar:/root/.m2/repository/org/apache/maven/surefire/surefire-api/3.0.0/surefire-api-3.0.0.jar:/root/.m2/repository/org/apache/maven/surefire/surefire-extensions-spi/3.0.0/surefire-extensions-spi-3.0.0.jar:/root/.m2/repository/org/apache/maven/surefire/surefire-logger-api/3.0.0/surefire-logger-api-3.0.0.jar:/root/.m2/repository/org/apache/maven/surefire/surefire-shared-utils/3.0.0/surefire-shared-utils-3.0.0.jar:/home/samuel/java/uda-secutity/catpoint-parent/security/target/test-classes:/root/.m2/repository/com/miglayout/miglayout-core/5.0/miglayout-core-5.0.jar:/root/.m2/repository/com/google/guava/failureaccess/1.0.2/failureaccess-1.0.2.jar:/root/.m2/repository/com/google/guava/listenablefuture/9999.0-empty-to-avoid-conflict-with-guava/listenablefuture-9999.0-empty-to-avoid-conflict-with-guava.jar:/root/.m2/repository/com/google/code/findbugs/jsr305/3.0.2/jsr305-3.0.2.jar:/root/.m2/repository/org/checkerframework/checker-qual/3.42.0/checker-qual-3.42.0.jar:/root/.m2/repository/com/google/j2objc/j2objc-annotations/3.0.0/j2objc-annotations-3.0.0.jar:/root/.m2/repository/org/junit/jupiter/junit-jupiter-engine/5.10.2/junit-jupiter-engine-5.10.2.jar:/root/.m2/repository/org/junit/platform/junit-platform-engine/1.10.2/junit-platform-engine-1.10.2.jar:/root/.m2/repository/org/apiguardian/apiguardian-api/1.1.2/apiguardian-api-1.1.2.jar:/root/.m2/repository/org/mockito/mockito-core/5.11.0/mockito-core-5.11.0.jar:/root/.m2/repository/net/bytebuddy/byte-buddy/1.14.12/byte-buddy-1.14.12.jar:/root/.m2/repository/net/bytebuddy/byte-buddy-agent/1.14.12/byte-buddy-agent-1.14.12.jar:/root/.m2/repository/org/objenesis/objenesis/3.3/objenesis-3.3.jar:/root/.m2/repository/org/mockito/mockito-junit-jupiter/5.11.0/mockito-junit-jupiter-5.11.0.jar:/root/.m2/repository/org/mockito/mockito-inline/5.2.0/mockito-inline-5.2.0.jar:/root/.m2/repository/software/amazon/awssdk/s3/2.25.42/s3-2.25.42.jar:/root/.m2/repository/software/amazon/awssdk/aws-xml-protocol/2.25.42/aws-xml-protocol-2.25.42.jar:/root/.m2/repository/software/amazon/awssdk/aws-query-protocol/2.25.42/aws-query-protocol-2.25.42.jar:/root/.m2/repository/software/amazon/awssdk/protocol-core/2.25.42/protocol-core-2.25.42.jar:/root/.m2/repository/software/amazon/awssdk/arns/2.25.42/arns-2.25.42.jar:/root/.m2/repository/software/amazon/awssdk/profiles/2.25.42/profiles-2.25.42.jar:/root/.m2/repository/software/amazon/awssdk/crt-core/2.25.42/crt-core-2.25.42.jar:/root/.m2/repository/software/amazon/awssdk/http-auth/2.25.42/http-auth-2.25.42.jar:/root/.m2/repository/software/amazon/awssdk/identity-spi/2.25.42/identity-spi-2.25.42.jar:/root/.m2/repository/software/amazon/awssdk/http-auth-spi/2.25.42/http-auth-spi-2.25.42.jar:/root/.m2/repository/org/reactivestreams/reactive-streams/1.0.4/reactive-streams-1.0.4.jar:/root/.m2/repository/software/amazon/awssdk/http-auth-aws/2.25.42/http-auth-aws-2.25.42.jar:/root/.m2/repository/software/amazon/awssdk/checksums/2.25.42/checksums-2.25.42.jar:/root/.m2/repository/software/amazon/awssdk/checksums-spi/2.25.42/checksums-spi-2.25.42.jar:/root/.m2/repository/software/amazon/eventstream/eventstream/1.0.1/eventstream-1.0.1.jar:/root/.m2/repository/software/amazon/awssdk/http-client-spi/2.25.42/http-client-spi-2.25.42.jar:/root/.m2/repository/software/amazon/awssdk/annotations/2.25.42/annotations-2.25.42.jar:/root/.m2/repository/software/amazon/awssdk/utils/2.25.42/utils-2.25.42.jar:/root/.m2/repository/software/amazon/awssdk/aws-core/2.25.42/aws-core-2.25.42.jar:/root/.m2/repository/software/amazon/awssdk/metrics-spi/2.25.42/metrics-spi-2.25.42.jar:/root/.m2/repository/software/amazon/awssdk/json-utils/2.25.42/json-utils-2.25.42.jar:/root/.m2/repository/software/amazon/awssdk/third-party-jackson-core/2.25.42/third-party-jackson-core-2.25.42.jar:/root/.m2/repository/software/amazon/awssdk/endpoints-spi/2.25.42/endpoints-spi-2.25.42.jar:/root/.m2/repository/software/amazon/awssdk/apache-client/2.25.42/apache-client-2.25.42.jar:/root/.m2/repository/org/apache/httpcomponents/httpclient/4.5.13/httpclient-4.5.13.jar:/root/.m2/repository/commons-logging/commons-logging/1.2/commons-logging-1.2.jar:/root/.m2/repository/org/apache/httpcomponents/httpcore/4.4.13/httpcore-4.4.13.jar:/root/.m2/repository/commons-codec/commons-codec/1.15/commons-codec-1.15.jar:/root/.m2/repository/software/amazon/awssdk/netty-nio-client/2.25.42/netty-nio-client-2.25.42.jar:/root/.m2/repository/io/netty/netty-codec-http/4.1.108.Final/netty-codec-http-4.1.108.Final.jar:/root/.m2/repository/io/netty/netty-codec-http2/4.1.108.Final/netty-codec-http2-4.1.108.Final.jar:/root/.m2/repository/io/netty/netty-codec/4.1.108.Final/netty-codec-4.1.108.Final.jar:/root/.m2/repository/io/netty/netty-transport/4.1.108.Final/netty-transport-4.1.108.Final.jar:/root/.m2/repository/io/netty/netty-common/4.1.108.Final/netty-common-4.1.108.Final.jar:/root/.m2/repository/io/netty/netty-buffer/4.1.108.Final/netty-buffer-4.1.108.Final.jar:/root/.m2/repository/io/netty/netty-handler/4.1.108.Final/netty-handler-4.1.108.Final.jar:/root/.m2/repository/io/netty/netty-transport-native-unix-common/4.1.108.Final/netty-transport-native-unix-common-4.1.108.Final.jar:/root/.m2/repository/io/netty/netty-transport-classes-epoll/4.1.108.Final/netty-transport-classes-epoll-4.1.108.Final.jar:/root/.m2/repository/io/netty/netty-resolver/4.1.108.Final/netty-resolver-4.1.108.Final.jar:/root/.m2/repository/software/amazon/awssdk/aws-json-protocol/2.26.15/aws-json-protocol-2.26.15.jar:/root/.m2/repository/software/amazon/awssdk/retries-spi/2.26.15/retries-spi-2.26.15.jar:/root/.m2/repository/org/junit/jupiter/junit-jupiter-api/5.10.2/junit-jupiter-api-5.10.2.jar:/root/.m2/repository/org/opentest4j/opentest4j/1.3.0/opentest4j-1.3.0.jar:/root/.m2/repository/org/junit/platform/junit-platform-commons/1.10.2/junit-platform-commons-1.10.2.jar:/root/.m2/repository/org/junit/jupiter/junit-jupiter-params/5.9.0/junit-jupiter-params-5.9.0.jar:/root/.m2/repository/org/apache/maven/surefire/surefire-junit-platform/3.0.0/surefire-junit-platform-3.0.0.jar:/root/.m2/repository/org/apache/maven/surefire/common-java5/3.0.0/common-java5-3.0.0.jar:/root/.m2/repository/org/junit/platform/junit-platform-launcher/1.10.2/junit-platform-launcher-1.10.2.jar"/>
    <property name="sun.management.compiler" value="HotSpot 64-Bit Tiered Compilers"/>
    <property name="java.runtime.version" value="17.0.11+9-Ubuntu-122.04.1"/>
    <property name="user.name" value="root"/>
    <property name="path.separator" value=":"/>
    <property name="os.version" value="5.15.153.1-microsoft-standard-WSL2"/>
    <property name="java.runtime.name" value="OpenJDK Runtime Environment"/>
    <property name="file.encoding" value="UTF-8"/>
    <property name="java.vm.name" value="OpenJDK 64-Bit Server VM"/>
    <property name="localRepository" value="/root/.m2/repository"/>
    <property name="java.vendor.url.bug" value="https://bugs.launchpad.net/ubuntu/+source/openjdk-17"/>
    <property name="java.io.tmpdir" value="/tmp"/>
    <property name="java.version" value="17.0.11"/>
    <property name="user.dir" value="/home/samuel/java/uda-secutity/catpoint-parent/security"/>
    <property name="os.arch" value="amd64"/>
    <property name="java.vm.specification.name" value="Java Virtual Machine Specification"/>
    <property name="native.encoding" value="UTF-8"/>
    <property name="java.library.path" value="/usr/java/packages/lib:/usr/lib/x86_64-linux-gnu/jni:/lib/x86_64-linux-gnu:/usr/lib/x86_64-linux-gnu:/usr/lib/jni:/lib:/usr/lib"/>
    <property name="java.vm.info" value="mixed mode"/>
    <property name="java.vendor" value="Ubuntu"/>
    <property name="java.vm.version" value="17.0.11+9-Ubuntu-122.04.1"/>
    <property name="sun.io.unicode.encoding" value="UnicodeLittle"/>
    <property name="java.class.version" value="61.0"/>
  </properties>
  <testcase name="systemArmedHome_imageContainsCat_systemStatusToAlarm" classname="com.uda.security.AppTest" time="1.14"/>
  <testcase name="sensorActive_sensorAlreadyActive_systemPending_systemReturnAlarm" classname="com.uda.security.AppTest" time="0.013"/>
  <testcase name="systemArm_sensorActivated_statusPending_systemReturnAlarm" classname="com.uda.security.AppTest" time="0.008"/>
  <testcase name="sensorDeactivated_alreadyInactive_keepAlarm" classname="com.uda.security.AppTest" time="0.007"/>
  <testcase name="systemStatusAlarm_sensorInactive_returnNoAlarm" classname="com.uda.security.AppTest" time="0.008"/>
  <testcase name="activeAlarm_sensorStateChanged_systemReturnAlarm" classname="com.uda.security.AppTest" time="0.01"/>
  <testcase name="imageContainsCat_systemArmedHome_systemReturnAlarm" classname="com.uda.security.AppTest" time="0.006"/>
  <testcase name="systemArm_sensorActivated_statusChangedToPending" classname="com.uda.security.AppTest" time="0.005"/>
  <testcase name="systemArmed_AllSensorsInactive" classname="com.uda.security.AppTest" time="0.005"/>
  <testcase name="imageNotContainsCat_sensorInactive_systemStatusToNoAlarm" classname="com.uda.security.AppTest" time="0.005"/>
  <testcase name="systemDisArmed_systemStatusToNoAlarm" classname="com.uda.security.AppTest" time="0.004"/>
</testsuite>